<?xml version="1.0" encoding="UTF-8"?>
<testng-results ignored="0" total="2" passed="2" failed="0" skipped="0">
  <reporter-output>
  </reporter-output>
  <suite started-at="2023-09-20T13:03:39 IST" name="Suite" finished-at="2023-09-20T13:03:58 IST" duration-ms="19220">
    <groups>
    </groups>
    <test started-at="2023-09-20T13:03:39 IST" name="Test" finished-at="2023-09-20T13:03:58 IST" duration-ms="19220">
      <class name="testcase.LoginTest">
        <test-method is-config="true" signature="launchBrowser()[pri:0, instance:testcase.LoginTest@10d307f1]" started-at="2023-09-20T13:03:39 IST" name="launchBrowser" finished-at="2023-09-20T13:03:44 IST" duration-ms="5454" status="PASS">
          <reporter-output>
          </reporter-output>
        </test-method> <!-- launchBrowser -->
        <test-method signature="runLoginTest()[pri:0, instance:testcase.LoginTest@10d307f1]" started-at="2023-09-20T13:03:44 IST" name="runLoginTest" finished-at="2023-09-20T13:03:45 IST" duration-ms="829" status="PASS">
          <reporter-output>
          </reporter-output>
        </test-method> <!-- runLoginTest -->
        <test-method is-config="true" signature="tearDown()[pri:0, instance:testcase.LoginTest@10d307f1]" started-at="2023-09-20T13:03:45 IST" name="tearDown" finished-at="2023-09-20T13:03:45 IST" duration-ms="159" status="PASS">
          <reporter-output>
          </reporter-output>
        </test-method> <!-- tearDown -->
      </class> <!-- testcase.LoginTest -->
      <class name="testcase.CreateLeadTest">
        <test-method is-config="true" signature="launchBrowser()[pri:0, instance:testcase.CreateLeadTest@f5acb9d]" started-at="2023-09-20T13:03:45 IST" name="launchBrowser" finished-at="2023-09-20T13:03:49 IST" duration-ms="3321" status="PASS">
          <reporter-output>
          </reporter-output>
        </test-method> <!-- launchBrowser -->
        <test-method signature="runCreateLead()[pri:0, instance:testcase.CreateLeadTest@f5acb9d]" started-at="2023-09-20T13:03:49 IST" name="runCreateLead" finished-at="2023-09-20T13:03:58 IST" duration-ms="9290" status="PASS">
          <reporter-output>
          </reporter-output>
        </test-method> <!-- runCreateLead -->
        <test-method is-config="true" signature="tearDown()[pri:0, instance:testcase.CreateLeadTest@f5acb9d]" started-at="2023-09-20T13:03:58 IST" name="tearDown" finished-at="2023-09-20T13:03:58 IST" duration-ms="112" status="PASS">
          <reporter-output>
          </reporter-output>
        </test-method> <!-- tearDown -->
      </class> <!-- testcase.CreateLeadTest -->
    </test> <!-- Test -->
  </suite> <!-- Suite -->
</testng-results>
